#
# There is insufficient memory for the Java Runtime Environment to continue.
# Native memory allocation (malloc) failed to allocate 823536 bytes for Chunk::new
# Possible reasons:
#   The system is out of physical RAM or swap space
#   The process is running with CompressedOops enabled, and the Java Heap may be blocking the growth of the native heap
# Possible solutions:
#   Reduce memory load on the system
#   Increase physical memory or swap space
#   Check if swap backing store is full
#   Decrease Java heap size (-Xmx/-Xms)
#   Decrease number of Java threads
#   Decrease Java thread stack sizes (-Xss)
#   Set larger code cache with -XX:ReservedCodeCacheSize=
#   JVM is running with Unscaled Compressed Oops mode in which the Java heap is
#     placed in the first 4GB address space. The Java Heap base address is the
#     maximum limit for the native heap growth. Please use -XX:HeapBaseMinAddress
#     to set the Java Heap base and to place the Java Heap above 4GB virtual address.
# This output file may be truncated or incomplete.
#
#  Out of Memory Error (./src/hotspot/share/memory/arena.cpp:197), pid=2504, tid=7708
#
# JRE version: OpenJDK Runtime Environment JBR-11.0.10.8-1145.96-jcef (11.0.10+8) (build 11.0.10+8-b1145.96)
# Java VM: OpenJDK 64-Bit Server VM JBR-11.0.10.8-1145.96-jcef (11.0.10+8-b1145.96, mixed mode, tiered, compressed oops, g1 gc, windows-amd64)
# No core dump will be written. Minidumps are not enabled by default on client versions of Windows
#

---------------  S U M M A R Y ------------

Command Line: -Djava.rmi.server.hostname=127.0.0.1 -Duser.timezone=UTC -Xmx1008m -Xms128m -Dfile.encoding=UTF-8 com.intellij.database.remote.RemoteJdbcServer org.h2.Driver

Host: Intel(R) Core(TM) i5-8265U CPU @ 1.60GHz, 8 cores, 7G,  Windows 10 , 64 bit Build 19041 (10.0.19041.1023)
Time: Fri Jul 30 08:51:21 2021 RTZ 2 (зима) elapsed time: 17.191110 seconds (0d 0h 0m 17s)

---------------  T H R E A D  ---------------

Current thread (0x000002eff93ce800):  JavaThread "C2 CompilerThread1" daemon [_thread_in_native, id=7708, stack(0x000000f107900000,0x000000f107a00000)]


Current CompileTask:
C2:  17191 1969   !   4       java.io.ObjectOutputStream::writeObject0 (619 bytes)

Stack: [0x000000f107900000,0x000000f107a00000]
Native frames: (J=compiled Java code, j=interpreted, Vv=VM code, C=native code)
V  [jvm.dll+0x5ece6a]
V  [jvm.dll+0x722cd5]
V  [jvm.dll+0x72422d]
V  [jvm.dll+0x7248e3]
V  [jvm.dll+0x2428d8]
V  [jvm.dll+0xbc5fc]
V  [jvm.dll+0xbcafc]
V  [jvm.dll+0x2b4f04]
V  [jvm.dll+0x5062e8]
V  [jvm.dll+0x1fd3bd]
V  [jvm.dll+0x1fad3f]
V  [jvm.dll+0x18358c]
V  [jvm.dll+0x209547]
V  [jvm.dll+0x207d91]
V  [jvm.dll+0x6eb3df]
V  [jvm.dll+0x6e3f05]
V  [jvm.dll+0x5ebd56]
C  [ucrtbase.dll+0x21bb2]
C  [KERNEL32.DLL+0x17034]
C  [ntdll.dll+0x52651]


---------------  P R O C E S S  ---------------

Threads class SMR info:
_java_thread_list=0x000002eff8296400, length=21, elements={
0x000002efdf027800, 0x000002eff7647000, 0x000002eff7650800, 0x000002eff7662800,
0x000002eff7663800, 0x000002eff7664800, 0x000002eff7667800, 0x000002eff766b000,
0x000002eff7675000, 0x000002eff814c800, 0x000002eff847c000, 0x000002eff84da800,
0x000002eff84db000, 0x000002eff84dc800, 0x000002eff84e5800, 0x000002eff84ed000,
0x000002eff85c8000, 0x000002eff8525000, 0x000002eff89a2000, 0x000002eff939b800,
0x000002eff93ce800
}

Java Threads: ( => current thread )
  0x000002efdf027800 JavaThread "main" [_thread_blocked, id=6168, stack(0x000000f106200000,0x000000f106300000)]
  0x000002eff7647000 JavaThread "Reference Handler" daemon [_thread_blocked, id=14780, stack(0x000000f106900000,0x000000f106a00000)]
  0x000002eff7650800 JavaThread "Finalizer" daemon [_thread_blocked, id=9696, stack(0x000000f106a00000,0x000000f106b00000)]
  0x000002eff7662800 JavaThread "Signal Dispatcher" daemon [_thread_blocked, id=6056, stack(0x000000f106b00000,0x000000f106c00000)]
  0x000002eff7663800 JavaThread "Attach Listener" daemon [_thread_blocked, id=13100, stack(0x000000f106c00000,0x000000f106d00000)]
  0x000002eff7664800 JavaThread "Service Thread" daemon [_thread_blocked, id=10744, stack(0x000000f106d00000,0x000000f106e00000)]
  0x000002eff7667800 JavaThread "C2 CompilerThread0" daemon [_thread_blocked, id=1532, stack(0x000000f106e00000,0x000000f106f00000)]
  0x000002eff766b000 JavaThread "C1 CompilerThread0" daemon [_thread_in_native, id=9844, stack(0x000000f106f00000,0x000000f107000000)]
  0x000002eff7675000 JavaThread "Sweeper thread" daemon [_thread_blocked, id=13840, stack(0x000000f107000000,0x000000f107100000)]
  0x000002eff814c800 JavaThread "Common-Cleaner" daemon [_thread_blocked, id=12028, stack(0x000000f107200000,0x000000f107300000)]
  0x000002eff847c000 JavaThread "RMI TCP Accept-45453" daemon [_thread_in_native, id=16612, stack(0x000000f107300000,0x000000f107400000)]
  0x000002eff84da800 JavaThread "RMI TCP Accept-0" daemon [_thread_in_native, id=17492, stack(0x000000f107400000,0x000000f107500000)]
  0x000002eff84db000 JavaThread "RMI Reaper" [_thread_blocked, id=18400, stack(0x000000f107500000,0x000000f107600000)]
  0x000002eff84dc800 JavaThread "RMI GC Daemon" daemon [_thread_blocked, id=18064, stack(0x000000f107600000,0x000000f107700000)]
  0x000002eff84e5800 JavaThread "RMI TCP Connection(1)-127.0.0.1" daemon [_thread_in_native, id=17720, stack(0x000000f107700000,0x000000f107800000)]
  0x000002eff84ed000 JavaThread "RMI TCP Connection(2)-127.0.0.1" daemon [_thread_in_native, id=10936, stack(0x000000f107800000,0x000000f107900000)]
  0x000002eff85c8000 JavaThread "RMI TCP Connection(3)-127.0.0.1" daemon [_thread_in_native, id=8660, stack(0x000000f107a00000,0x000000f107b00000)]
  0x000002eff8525000 JavaThread "RMI Scheduler(0)" daemon [_thread_blocked, id=17844, stack(0x000000f107b00000,0x000000f107c00000)]
  0x000002eff89a2000 JavaThread "RMI RenewClean-[127.0.0.1:55407]" daemon [_thread_blocked, id=13684, stack(0x000000f107c00000,0x000000f107d00000)]
  0x000002eff939b800 JavaThread "RMI TCP Connection(4)-127.0.0.1" daemon [_thread_in_vm, id=8632, stack(0x000000f108100000,0x000000f108200000)]
=>0x000002eff93ce800 JavaThread "C2 CompilerThread1" daemon [_thread_in_native, id=7708, stack(0x000000f107900000,0x000000f107a00000)]

Other Threads:
  0x000002eff7645000 VMThread "VM Thread" [stack: 0x000000f106800000,0x000000f106900000] [id=5468]
  0x000002eff8148000 WatcherThread [stack: 0x000000f107100000,0x000000f107200000] [id=16108]
  0x000002efdf03f000 GCTaskThread "GC Thread#0" [stack: 0x000000f106300000,0x000000f106400000] [id=4612]
  0x000002eff85f9800 GCTaskThread "GC Thread#1" [stack: 0x000000f107d00000,0x000000f107e00000] [id=16348]
  0x000002eff85fa800 GCTaskThread "GC Thread#2" [stack: 0x000000f107e00000,0x000000f107f00000] [id=15336]
  0x000002eff8b28800 GCTaskThread "GC Thread#3" [stack: 0x000000f107f00000,0x000000f108000000] [id=6780]
  0x000002efdf059800 ConcurrentGCThread "G1 Main Marker" [stack: 0x000000f106400000,0x000000f106500000] [id=1156]
  0x000002efdf05c000 ConcurrentGCThread "G1 Conc#0" [stack: 0x000000f106500000,0x000000f106600000] [id=7056]
  0x000002efdf0fc000 ConcurrentGCThread "G1 Refine#0" [stack: 0x000000f106600000,0x000000f106700000] [id=15620]
  0x000002efdf0fd000 ConcurrentGCThread "G1 Young RemSet Sampling" [stack: 0x000000f106700000,0x000000f106800000] [id=16232]

Threads with active compile tasks:
C1 CompilerThread0  17245 2007       3       org.h2.command.Parser::readTerm (1618 bytes)
C2 CompilerThread1  17245 1969   !   4       java.io.ObjectOutputStream::writeObject0 (619 bytes)

VM state:not at safepoint (normal execution)

VM Mutex/Monitor currently owned by a thread: None

Heap address: 0x00000000c1000000, size: 1008 MB, Compressed Oops mode: 32-bit
Narrow klass base: 0x0000000000000000, Narrow klass shift: 3
Compressed class space size: 1073741824 Address: 0x0000000100000000

Heap:
 garbage-first heap   total 131072K, used 31943K [0x00000000c1000000, 0x0000000100000000)
  region size 1024K, 31 young (31744K), 3 survivors (3072K)
 Metaspace       used 18788K, capacity 19363K, committed 19456K, reserved 1067008K
  class space    used 1823K, capacity 2012K, committed 2048K, reserved 1048576K
Heap Regions: E=young(eden), S=young(survivor), O=old, HS=humongous(starts), HC=humongous(continues), CS=collection set, F=free, A=archive, TAMS=top-at-mark-start (previous, next)
|   0|0x00000000c1000000, 0x00000000c1100000, 0x00000000c1100000|100%| O|  |TAMS 0x00000000c1000000, 0x00000000c1000000| Untracked 
|   1|0x00000000c1100000, 0x00000000c1131c00, 0x00000000c1200000| 19%| O|  |TAMS 0x00000000c1100000, 0x00000000c1100000| Untracked 
|   2|0x00000000c1200000, 0x00000000c1200000, 0x00000000c1300000|  0%| F|  |TAMS 0x00000000c1200000, 0x00000000c1200000| Untracked 
|   3|0x00000000c1300000, 0x00000000c1300000, 0x00000000c1400000|  0%| F|  |TAMS 0x00000000c1300000, 0x00000000c1300000| Untracked 
|   4|0x00000000c1400000, 0x00000000c1400000, 0x00000000c1500000|  0%| F|  |TAMS 0x00000000c1400000, 0x00000000c1400000| Untracked 
|   5|0x00000000c1500000, 0x00000000c1500000, 0x00000000c1600000|  0%| F|  |TAMS 0x00000000c1500000, 0x00000000c1500000| Untracked 
|   6|0x00000000c1600000, 0x00000000c1600000, 0x00000000c1700000|  0%| F|  |TAMS 0x00000000c1600000, 0x00000000c1600000| Untracked 
|   7|0x00000000c1700000, 0x00000000c1700000, 0x00000000c1800000|  0%| F|  |TAMS 0x00000000c1700000, 0x00000000c1700000| Untracked 
|   8|0x00000000c1800000, 0x00000000c1800000, 0x00000000c1900000|  0%| F|  |TAMS 0x00000000c1800000, 0x00000000c1800000| Untracked 
|   9|0x00000000c1900000, 0x00000000c1900000, 0x00000000c1a00000|  0%| F|  |TAMS 0x00000000c1900000, 0x00000000c1900000| Untracked 
|  10|0x00000000c1a00000, 0x00000000c1a00000, 0x00000000c1b00000|  0%| F|  |TAMS 0x00000000c1a00000, 0x00000000c1a00000| Untracked 
|  11|0x00000000c1b00000, 0x00000000c1b00000, 0x00000000c1c00000|  0%| F|  |TAMS 0x00000000c1b00000, 0x00000000c1b00000| Untracked 
|  12|0x00000000c1c00000, 0x00000000c1c00000, 0x00000000c1d00000|  0%| F|  |TAMS 0x00000000c1c00000, 0x00000000c1c00000| Untracked 
|  13|0x00000000c1d00000, 0x00000000c1d00000, 0x00000000c1e00000|  0%| F|  |TAMS 0x00000000c1d00000, 0x00000000c1d00000| Untracked 
|  14|0x00000000c1e00000, 0x00000000c1e00000, 0x00000000c1f00000|  0%| F|  |TAMS 0x00000000c1e00000, 0x00000000c1e00000| Untracked 
|  15|0x00000000c1f00000, 0x00000000c1f00000, 0x00000000c2000000|  0%| F|  |TAMS 0x00000000c1f00000, 0x00000000c1f00000| Untracked 
|  16|0x00000000c2000000, 0x00000000c2000000, 0x00000000c2100000|  0%| F|  |TAMS 0x00000000c2000000, 0x00000000c2000000| Untracked 
|  17|0x00000000c2100000, 0x00000000c2100000, 0x00000000c2200000|  0%| F|  |TAMS 0x00000000c2100000, 0x00000000c2100000| Untracked 
|  18|0x00000000c2200000, 0x00000000c2200000, 0x00000000c2300000|  0%| F|  |TAMS 0x00000000c2200000, 0x00000000c2200000| Untracked 
|  19|0x00000000c2300000, 0x00000000c2300000, 0x00000000c2400000|  0%| F|  |TAMS 0x00000000c2300000, 0x00000000c2300000| Untracked 
|  20|0x00000000c2400000, 0x00000000c2400000, 0x00000000c2500000|  0%| F|  |TAMS 0x00000000c2400000, 0x00000000c2400000| Untracked 
|  21|0x00000000c2500000, 0x00000000c2500000, 0x00000000c2600000|  0%| F|  |TAMS 0x00000000c2500000, 0x00000000c2500000| Untracked 
|  22|0x00000000c2600000, 0x00000000c2600000, 0x00000000c2700000|  0%| F|  |TAMS 0x00000000c2600000, 0x00000000c2600000| Untracked 
|  23|0x00000000c2700000, 0x00000000c2700000, 0x00000000c2800000|  0%| F|  |TAMS 0x00000000c2700000, 0x00000000c2700000| Untracked 
|  24|0x00000000c2800000, 0x00000000c2800000, 0x00000000c2900000|  0%| F|  |TAMS 0x00000000c2800000, 0x00000000c2800000| Untracked 
|  25|0x00000000c2900000, 0x00000000c2900000, 0x00000000c2a00000|  0%| F|  |TAMS 0x00000000c2900000, 0x00000000c2900000| Untracked 
|  26|0x00000000c2a00000, 0x00000000c2a00000, 0x00000000c2b00000|  0%| F|  |TAMS 0x00000000c2a00000, 0x00000000c2a00000| Untracked 
|  27|0x00000000c2b00000, 0x00000000c2b00000, 0x00000000c2c00000|  0%| F|  |TAMS 0x00000000c2b00000, 0x00000000c2b00000| Untracked 
|  28|0x00000000c2c00000, 0x00000000c2c00000, 0x00000000c2d00000|  0%| F|  |TAMS 0x00000000c2c00000, 0x00000000c2c00000| Untracked 
|  29|0x00000000c2d00000, 0x00000000c2d00000, 0x00000000c2e00000|  0%| F|  |TAMS 0x00000000c2d00000, 0x00000000c2d00000| Untracked 
|  30|0x00000000c2e00000, 0x00000000c2e00000, 0x00000000c2f00000|  0%| F|  |TAMS 0x00000000c2e00000, 0x00000000c2e00000| Untracked 
|  31|0x00000000c2f00000, 0x00000000c2f00000, 0x00000000c3000000|  0%| F|  |TAMS 0x00000000c2f00000, 0x00000000c2f00000| Untracked 
|  32|0x00000000c3000000, 0x00000000c3000000, 0x00000000c3100000|  0%| F|  |TAMS 0x00000000c3000000, 0x00000000c3000000| Untracked 
|  33|0x00000000c3100000, 0x00000000c3100000, 0x00000000c3200000|  0%| F|  |TAMS 0x00000000c3100000, 0x00000000c3100000| Untracked 
|  34|0x00000000c3200000, 0x00000000c3200000, 0x00000000c3300000|  0%| F|  |TAMS 0x00000000c3200000, 0x00000000c3200000| Untracked 
|  35|0x00000000c3300000, 0x00000000c3300000, 0x00000000c3400000|  0%| F|  |TAMS 0x00000000c3300000, 0x00000000c3300000| Untracked 
|  36|0x00000000c3400000, 0x00000000c3400000, 0x00000000c3500000|  0%| F|  |TAMS 0x00000000c3400000, 0x00000000c3400000| Untracked 
|  37|0x00000000c3500000, 0x00000000c3500000, 0x00000000c3600000|  0%| F|  |TAMS 0x00000000c3500000, 0x00000000c3500000| Untracked 
|  38|0x00000000c3600000, 0x00000000c3600000, 0x00000000c3700000|  0%| F|  |TAMS 0x00000000c3600000, 0x00000000c3600000| Untracked 
|  39|0x00000000c3700000, 0x00000000c3700000, 0x00000000c3800000|  0%| F|  |TAMS 0x00000000c3700000, 0x00000000c3700000| Untracked 
|  40|0x00000000c3800000, 0x00000000c3800000, 0x00000000c3900000|  0%| F|  |TAMS 0x00000000c3800000, 0x00000000c3800000| Untracked 
|  41|0x00000000c3900000, 0x00000000c3900000, 0x00000000c3a00000|  0%| F|  |TAMS 0x00000000c3900000, 0x00000000c3900000| Untracked 
|  42|0x00000000c3a00000, 0x00000000c3a00000, 0x00000000c3b00000|  0%| F|  |TAMS 0x00000000c3a00000, 0x00000000c3a00000| Untracked 
|  43|0x00000000c3b00000, 0x00000000c3b00000, 0x00000000c3c00000|  0%| F|  |TAMS 0x00000000c3b00000, 0x00000000c3b00000| Untracked 
|  44|0x00000000c3c00000, 0x00000000c3c00000, 0x00000000c3d00000|  0%| F|  |TAMS 0x00000000c3c00000, 0x00000000c3c00000| Untracked 
|  45|0x00000000c3d00000, 0x00000000c3d00000, 0x00000000c3e00000|  0%| F|  |TAMS 0x00000000c3d00000, 0x00000000c3d00000| Untracked 
|  46|0x00000000c3e00000, 0x00000000c3e00000, 0x00000000c3f00000|  0%| F|  |TAMS 0x00000000c3e00000, 0x00000000c3e00000| Untracked 
|  47|0x00000000c3f00000, 0x00000000c3f00000, 0x00000000c4000000|  0%| F|  |TAMS 0x00000000c3f00000, 0x00000000c3f00000| Untracked 
|  48|0x00000000c4000000, 0x00000000c4000000, 0x00000000c4100000|  0%| F|  |TAMS 0x00000000c4000000, 0x00000000c4000000| Untracked 
|  49|0x00000000c4100000, 0x00000000c4100000, 0x00000000c4200000|  0%| F|  |TAMS 0x00000000c4100000, 0x00000000c4100000| Untracked 
|  50|0x00000000c4200000, 0x00000000c4200000, 0x00000000c4300000|  0%| F|  |TAMS 0x00000000c4200000, 0x00000000c4200000| Untracked 
|  51|0x00000000c4300000, 0x00000000c4300000, 0x00000000c4400000|  0%| F|  |TAMS 0x00000000c4300000, 0x00000000c4300000| Untracked 
|  52|0x00000000c4400000, 0x00000000c4400000, 0x00000000c4500000|  0%| F|  |TAMS 0x00000000c4400000, 0x00000000c4400000| Untracked 
|  53|0x00000000c4500000, 0x00000000c4500000, 0x00000000c4600000|  0%| F|  |TAMS 0x00000000c4500000, 0x00000000c4500000| Untracked 
|  54|0x00000000c4600000, 0x00000000c4600000, 0x00000000c4700000|  0%| F|  |TAMS 0x00000000c4600000, 0x00000000c4600000| Untracked 
|  55|0x00000000c4700000, 0x00000000c4700000, 0x00000000c4800000|  0%| F|  |TAMS 0x00000000c4700000, 0x00000000c4700000| Untracked 
|  56|0x00000000c4800000, 0x00000000c4800000, 0x00000000c4900000|  0%| F|  |TAMS 0x00000000c4800000, 0x00000000c4800000| Untracked 
|  57|0x00000000c4900000, 0x00000000c4900000, 0x00000000c4a00000|  0%| F|  |TAMS 0x00000000c4900000, 0x00000000c4900000| Untracked 
|  58|0x00000000c4a00000, 0x00000000c4a00000, 0x00000000c4b00000|  0%| F|  |TAMS 0x00000000c4a00000, 0x00000000c4a00000| Untracked 
|  59|0x00000000c4b00000, 0x00000000c4b00000, 0x00000000c4c00000|  0%| F|  |TAMS 0x00000000c4b00000, 0x00000000c4b00000| Untracked 
|  60|0x00000000c4c00000, 0x00000000c4c00000, 0x00000000c4d00000|  0%| F|  |TAMS 0x00000000c4c00000, 0x00000000c4c00000| Untracked 
|  61|0x00000000c4d00000, 0x00000000c4d00000, 0x00000000c4e00000|  0%| F|  |TAMS 0x00000000c4d00000, 0x00000000c4d00000| Untracked 
|  62|0x00000000c4e00000, 0x00000000c4e00000, 0x00000000c4f00000|  0%| F|  |TAMS 0x00000000c4e00000, 0x00000000c4e00000| Untracked 
|  63|0x00000000c4f00000, 0x00000000c4f00000, 0x00000000c5000000|  0%| F|  |TAMS 0x00000000c4f00000, 0x00000000c4f00000| Untracked 
|  64|0x00000000c5000000, 0x00000000c5000000, 0x00000000c5100000|  0%| F|  |TAMS 0x00000000c5000000, 0x00000000c5000000| Untracked 
|  65|0x00000000c5100000, 0x00000000c5100000, 0x00000000c5200000|  0%| F|  |TAMS 0x00000000c5100000, 0x00000000c5100000| Untracked 
|  66|0x00000000c5200000, 0x00000000c5200000, 0x00000000c5300000|  0%| F|  |TAMS 0x00000000c5200000, 0x00000000c5200000| Untracked 
|  67|0x00000000c5300000, 0x00000000c5300000, 0x00000000c5400000|  0%| F|  |TAMS 0x00000000c5300000, 0x00000000c5300000| Untracked 
|  68|0x00000000c5400000, 0x00000000c5400000, 0x00000000c5500000|  0%| F|  |TAMS 0x00000000c5400000, 0x00000000c5400000| Untracked 
|  69|0x00000000c5500000, 0x00000000c5500000, 0x00000000c5600000|  0%| F|  |TAMS 0x00000000c5500000, 0x00000000c5500000| Untracked 
|  70|0x00000000c5600000, 0x00000000c5600000, 0x00000000c5700000|  0%| F|  |TAMS 0x00000000c5600000, 0x00000000c5600000| Untracked 
|  71|0x00000000c5700000, 0x00000000c5700000, 0x00000000c5800000|  0%| F|  |TAMS 0x00000000c5700000, 0x00000000c5700000| Untracked 
|  72|0x00000000c5800000, 0x00000000c5800000, 0x00000000c5900000|  0%| F|  |TAMS 0x00000000c5800000, 0x00000000c5800000| Untracked 
|  73|0x00000000c5900000, 0x00000000c5900000, 0x00000000c5a00000|  0%| F|  |TAMS 0x00000000c5900000, 0x00000000c5900000| Untracked 
|  74|0x00000000c5a00000, 0x00000000c5a00000, 0x00000000c5b00000|  0%| F|  |TAMS 0x00000000c5a00000, 0x00000000c5a00000| Untracked 
|  75|0x00000000c5b00000, 0x00000000c5b00000, 0x00000000c5c00000|  0%| F|  |TAMS 0x00000000c5b00000, 0x00000000c5b00000| Untracked 
|  76|0x00000000c5c00000, 0x00000000c5c00000, 0x00000000c5d00000|  0%| F|  |TAMS 0x00000000c5c00000, 0x00000000c5c00000| Untracked 
|  77|0x00000000c5d00000, 0x00000000c5d00000, 0x00000000c5e00000|  0%| F|  |TAMS 0x00000000c5d00000, 0x00000000c5d00000| Untracked 
|  78|0x00000000c5e00000, 0x00000000c5e00000, 0x00000000c5f00000|  0%| F|  |TAMS 0x00000000c5e00000, 0x00000000c5e00000| Untracked 
|  79|0x00000000c5f00000, 0x00000000c5f00000, 0x00000000c6000000|  0%| F|  |TAMS 0x00000000c5f00000, 0x00000000c5f00000| Untracked 
|  80|0x00000000c6000000, 0x00000000c6000000, 0x00000000c6100000|  0%| F|  |TAMS 0x00000000c6000000, 0x00000000c6000000| Untracked 
|  81|0x00000000c6100000, 0x00000000c6100000, 0x00000000c6200000|  0%| F|  |TAMS 0x00000000c6100000, 0x00000000c6100000| Untracked 
|  82|0x00000000c6200000, 0x00000000c6200000, 0x00000000c6300000|  0%| F|  |TAMS 0x00000000c6200000, 0x00000000c6200000| Untracked 
|  83|0x00000000c6300000, 0x00000000c6300000, 0x00000000c6400000|  0%| F|  |TAMS 0x00000000c6300000, 0x00000000c6300000| Untracked 
|  84|0x00000000c6400000, 0x00000000c6400000, 0x00000000c6500000|  0%| F|  |TAMS 0x00000000c6400000, 0x00000000c6400000| Untracked 
|  85|0x00000000c6500000, 0x00000000c6500000, 0x00000000c6600000|  0%| F|  |TAMS 0x00000000c6500000, 0x00000000c6500000| Untracked 
|  86|0x00000000c6600000, 0x00000000c6600000, 0x00000000c6700000|  0%| F|  |TAMS 0x00000000c6600000, 0x00000000c6600000| Untracked 
|  87|0x00000000c6700000, 0x00000000c6700000, 0x00000000c6800000|  0%| F|  |TAMS 0x00000000c6700000, 0x00000000c6700000| Untracked 
|  88|0x00000000c6800000, 0x00000000c6800000, 0x00000000c6900000|  0%| F|  |TAMS 0x00000000c6800000, 0x00000000c6800000| Untracked 
|  89|0x00000000c6900000, 0x00000000c6900000, 0x00000000c6a00000|  0%| F|  |TAMS 0x00000000c6900000, 0x00000000c6900000| Untracked 
|  90|0x00000000c6a00000, 0x00000000c6a00000, 0x00000000c6b00000|  0%| F|  |TAMS 0x00000000c6a00000, 0x00000000c6a00000| Untracked 
|  91|0x00000000c6b00000, 0x00000000c6b00000, 0x00000000c6c00000|  0%| F|  |TAMS 0x00000000c6b00000, 0x00000000c6b00000| Untracked 
|  92|0x00000000c6c00000, 0x00000000c6c00000, 0x00000000c6d00000|  0%| F|  |TAMS 0x00000000c6c00000, 0x00000000c6c00000| Untracked 
|  93|0x00000000c6d00000, 0x00000000c6d00000, 0x00000000c6e00000|  0%| F|  |TAMS 0x00000000c6d00000, 0x00000000c6d00000| Untracked 
|  94|0x00000000c6e00000, 0x00000000c6e00000, 0x00000000c6f00000|  0%| F|  |TAMS 0x00000000c6e00000, 0x00000000c6e00000| Untracked 
|  95|0x00000000c6f00000, 0x00000000c6f00000, 0x00000000c7000000|  0%| F|  |TAMS 0x00000000c6f00000, 0x00000000c6f00000| Untracked 
|  96|0x00000000c7000000, 0x00000000c703ecc8, 0x00000000c7100000| 24%| E|  |TAMS 0x00000000c7000000, 0x00000000c7000000| Complete 
|  97|0x00000000c7100000, 0x00000000c7200000, 0x00000000c7200000|100%| E|CS|TAMS 0x00000000c7100000, 0x00000000c7100000| Complete 
|  98|0x00000000c7200000, 0x00000000c7300000, 0x00000000c7300000|100%| E|CS|TAMS 0x00000000c7200000, 0x00000000c7200000| Complete 
|  99|0x00000000c7300000, 0x00000000c7400000, 0x00000000c7400000|100%| E|CS|TAMS 0x00000000c7300000, 0x00000000c7300000| Complete 
| 100|0x00000000c7400000, 0x00000000c7500000, 0x00000000c7500000|100%| E|CS|TAMS 0x00000000c7400000, 0x00000000c7400000| Complete 
| 101|0x00000000c7500000, 0x00000000c7600000, 0x00000000c7600000|100%| S|CS|TAMS 0x00000000c7500000, 0x00000000c7500000| Complete 
| 102|0x00000000c7600000, 0x00000000c7700000, 0x00000000c7700000|100%| S|CS|TAMS 0x00000000c7600000, 0x00000000c7600000| Complete 
| 103|0x00000000c7700000, 0x00000000c7800000, 0x00000000c7800000|100%| S|CS|TAMS 0x00000000c7700000, 0x00000000c7700000| Complete 
| 104|0x00000000c7800000, 0x00000000c7900000, 0x00000000c7900000|100%| E|CS|TAMS 0x00000000c7800000, 0x00000000c7800000| Complete 
| 105|0x00000000c7900000, 0x00000000c7a00000, 0x00000000c7a00000|100%| E|CS|TAMS 0x00000000c7900000, 0x00000000c7900000| Complete 
| 106|0x00000000c7a00000, 0x00000000c7b00000, 0x00000000c7b00000|100%| E|CS|TAMS 0x00000000c7a00000, 0x00000000c7a00000| Complete 
| 107|0x00000000c7b00000, 0x00000000c7c00000, 0x00000000c7c00000|100%| E|CS|TAMS 0x00000000c7b00000, 0x00000000c7b00000| Complete 
| 108|0x00000000c7c00000, 0x00000000c7d00000, 0x00000000c7d00000|100%| E|CS|TAMS 0x00000000c7c00000, 0x00000000c7c00000| Complete 
| 109|0x00000000c7d00000, 0x00000000c7e00000, 0x00000000c7e00000|100%| E|CS|TAMS 0x00000000c7d00000, 0x00000000c7d00000| Complete 
| 110|0x00000000c7e00000, 0x00000000c7f00000, 0x00000000c7f00000|100%| E|CS|TAMS 0x00000000c7e00000, 0x00000000c7e00000| Complete 
| 111|0x00000000c7f00000, 0x00000000c8000000, 0x00000000c8000000|100%| E|CS|TAMS 0x00000000c7f00000, 0x00000000c7f00000| Complete 
| 112|0x00000000c8000000, 0x00000000c8100000, 0x00000000c8100000|100%| E|CS|TAMS 0x00000000c8000000, 0x00000000c8000000| Complete 
| 113|0x00000000c8100000, 0x00000000c8200000, 0x00000000c8200000|100%| E|CS|TAMS 0x00000000c8100000, 0x00000000c8100000| Complete 
| 114|0x00000000c8200000, 0x00000000c8300000, 0x00000000c8300000|100%| E|CS|TAMS 0x00000000c8200000, 0x00000000c8200000| Complete 
| 115|0x00000000c8300000, 0x00000000c8400000, 0x00000000c8400000|100%| E|CS|TAMS 0x00000000c8300000, 0x00000000c8300000| Complete 
| 116|0x00000000c8400000, 0x00000000c8500000, 0x00000000c8500000|100%| E|CS|TAMS 0x00000000c8400000, 0x00000000c8400000| Complete 
| 117|0x00000000c8500000, 0x00000000c8600000, 0x00000000c8600000|100%| E|CS|TAMS 0x00000000c8500000, 0x00000000c8500000| Complete 
| 118|0x00000000c8600000, 0x00000000c8700000, 0x00000000c8700000|100%| E|CS|TAMS 0x00000000c8600000, 0x00000000c8600000| Complete 
| 119|0x00000000c8700000, 0x00000000c8800000, 0x00000000c8800000|100%| E|CS|TAMS 0x00000000c8700000, 0x00000000c8700000| Complete 
| 120|0x00000000c8800000, 0x00000000c8900000, 0x00000000c8900000|100%| E|CS|TAMS 0x00000000c8800000, 0x00000000c8800000| Complete 
| 121|0x00000000c8900000, 0x00000000c8a00000, 0x00000000c8a00000|100%| E|CS|TAMS 0x00000000c8900000, 0x00000000c8900000| Complete 
| 122|0x00000000c8a00000, 0x00000000c8b00000, 0x00000000c8b00000|100%| E|CS|TAMS 0x00000000c8a00000, 0x00000000c8a00000| Complete 
| 123|0x00000000c8b00000, 0x00000000c8c00000, 0x00000000c8c00000|100%| E|CS|TAMS 0x00000000c8b00000, 0x00000000c8b00000| Complete 
| 124|0x00000000c8c00000, 0x00000000c8d00000, 0x00000000c8d00000|100%| E|CS|TAMS 0x00000000c8c00000, 0x00000000c8c00000| Complete 
| 125|0x00000000c8d00000, 0x00000000c8e00000, 0x00000000c8e00000|100%| E|CS|TAMS 0x00000000c8d00000, 0x00000000c8d00000| Complete 
| 126|0x00000000c8e00000, 0x00000000c8f00000, 0x00000000c8f00000|100%| E|CS|TAMS 0x00000000c8e00000, 0x00000000c8e00000| Complete 
| 127|0x00000000c8f00000, 0x00000000c9000000, 0x00000000c9000000|100%| E|CS|TAMS 0x00000000c8f00000, 0x00000000c8f00000| Complete 

Card table byte_map: [0x000002eff28a0000,0x000002eff2aa0000] _byte_map_base: 0x000002eff2298000

Marking Bits (Prev, Next): (CMBitMap*) 0x000002efdf054c68, (CMBitMap*) 0x000002efdf054ca0
 Prev Bits: [0x000002eff2ca0000, 0x000002eff3c60000)
 Next Bits: [0x000002eff3c60000, 0x000002eff4c20000)

Polling page: 0x000002efdd7c0000

Metaspace:

Usage:
  Non-class:     16.94 MB capacity,    16.57 MB ( 98%) used,   338.56 KB (  2%) free+waste,    47.19 KB ( <1%) overhead. 
      Class:      1.96 MB capacity,     1.78 MB ( 91%) used,   167.29 KB (  8%) free+waste,    21.63 KB (  1%) overhead. 
       Both:     18.91 MB capacity,    18.35 MB ( 97%) used,   505.85 KB (  3%) free+waste,    68.81 KB ( <1%) overhead. 

Virtual space:
  Non-class space:       18.00 MB reserved,      17.00 MB ( 94%) committed 
      Class space:        1.00 GB reserved,       2.00 MB ( <1%) committed 
             Both:        1.02 GB reserved,      19.00 MB (  2%) committed 

Chunk freelists:
   Non-Class:  57.00 KB
       Class:  4.00 KB
        Both:  61.00 KB

MaxMetaspaceSize: 17179869184.00 GB
CompressedClassSpaceSize: 1.00 GB

CodeHeap 'non-profiled nmethods': size=120000Kb used=701Kb max_used=701Kb free=119299Kb
 bounds [0x000002efea710000, 0x000002efea980000, 0x000002eff1c40000]
CodeHeap 'profiled nmethods': size=120000Kb used=4285Kb max_used=4285Kb free=115714Kb
 bounds [0x000002efe31e0000, 0x000002efe3610000, 0x000002efea710000]
CodeHeap 'non-nmethods': size=5760Kb used=1136Kb max_used=1157Kb free=4623Kb
 bounds [0x000002efe2c40000, 0x000002efe2eb0000, 0x000002efe31e0000]
 total_blobs=2480 nmethods=2007 adapters=385
 compilation: enabled
              stopped_count=0, restarted_count=0
 full_count=0

Compilation events (20 events):
Event: 17.151 Thread 0x000002eff766b000 1985       1       org.h2.command.Prepared::setParameterList (6 bytes)
Event: 17.151 Thread 0x000002eff766b000 nmethod 1985 0x000002efea7b8710 code [0x000002efea7b88c0, 0x000002efea7b89b8]
Event: 17.151 Thread 0x000002eff766b000 1989       3       org.h2.command.Parser::readTermWithIdentifier (1092 bytes)
Event: 17.167 Thread 0x000002eff766b000 nmethod 1989 0x000002efe35f6890 code [0x000002efe35f7c60, 0x000002efe3603228]
Event: 17.167 Thread 0x000002eff766b000 1993       3       sun.security.provider.DigestBase::engineUpdate (189 bytes)
Event: 17.168 Thread 0x000002eff766b000 nmethod 1993 0x000002efe3606d90 code [0x000002efe3607000, 0x000002efe3607c98]
Event: 17.168 Thread 0x000002eff766b000 1994       3       sun.security.provider.DigestBase::engineReset (33 bytes)
Event: 17.168 Thread 0x000002eff766b000 nmethod 1994 0x000002efe3608010 code [0x000002efe36081e0, 0x000002efe3608458]
Event: 17.168 Thread 0x000002eff766b000 1990       3       org.h2.expression.ExpressionColumn::<init> (32 bytes)
Event: 17.169 Thread 0x000002eff766b000 nmethod 1990 0x000002efe3608510 code [0x000002efe36086e0, 0x000002efe3608a18]
Event: 17.169 Thread 0x000002eff766b000 1991       3       org.h2.command.Parser::readAnd (29 bytes)
Event: 17.170 Thread 0x000002eff766b000 nmethod 1991 0x000002efe3608b10 code [0x000002efe3608d80, 0x000002efe3609758]
Event: 17.170 Thread 0x000002eff766b000 1992       1       org.h2.table.TableFilter::getJoinCondition (5 bytes)
Event: 17.170 Thread 0x000002eff766b000 nmethod 1992 0x000002efea7b8a10 code [0x000002efea7b8bc0, 0x000002efea7b8c78]
Event: 17.172 Thread 0x000002eff766b000 1996       3       org.h2.expression.ExpressionColumn::mapColumns (177 bytes)
Event: 17.173 Thread 0x000002eff766b000 nmethod 1996 0x000002efe3609b90 code [0x000002efe3609ec0, 0x000002efe360b178]
Event: 17.173 Thread 0x000002eff766b000 1998       3       org.h2.expression.ExpressionColumn::optimize (77 bytes)
Event: 17.174 Thread 0x000002eff766b000 nmethod 1998 0x000002efe360b810 code [0x000002efe360ba60, 0x000002efe360c368]
Event: 17.174 Thread 0x000002eff766b000 1997       3       org.h2.table.TableFilter::findColumn (96 bytes)
Event: 17.175 Thread 0x000002eff766b000 nmethod 1997 0x000002efe360c690 code [0x000002efe360c960, 0x000002efe360dad8]

GC Heap History (2 events):
Event: 0.719 GC heap before
{Heap before GC invocations=0 (full 0):
 garbage-first heap   total 131072K, used 23552K [0x00000000c1000000, 0x0000000100000000)
  region size 1024K, 24 young (24576K), 0 survivors (0K)
 Metaspace       used 15843K, capacity 16218K, committed 16512K, reserved 1064960K
  class space    used 1620K, capacity 1794K, committed 1920K, reserved 1048576K
}
Event: 0.723 GC heap after
{Heap after GC invocations=1 (full 0):
 garbage-first heap   total 131072K, used 4295K [0x00000000c1000000, 0x0000000100000000)
  region size 1024K, 3 young (3072K), 3 survivors (3072K)
 Metaspace       used 15843K, capacity 16218K, committed 16512K, reserved 1064960K
  class space    used 1620K, capacity 1794K, committed 1920K, reserved 1048576K
}

Deoptimization events (20 events):
Event: 0.979 Thread 0x000002eff85c8000 DEOPT PACKING pc=0x000002efea735a48 sp=0x000000f107afa220
Event: 0.979 Thread 0x000002eff85c8000 DEOPT UNPACKING pc=0x000002efe2c678af sp=0x000000f107afa1b8 mode 2
Event: 1.073 Thread 0x000002eff85c8000 Uncommon trap: trap_request=0xffffffcc fr.pc=0x000002efea79f4f4 relative=0x00000000000001b4
Event: 1.073 Thread 0x000002eff85c8000 Uncommon trap: reason=intrinsic_or_type_checked_inlining action=make_not_entrant pc=0x000002efea79f4f4 method=java.util.Arrays.copyOf([Ljava/lang/Object;ILjava/lang/Class;)[Ljava/lang/Object; @ 35 c2
Event: 1.073 Thread 0x000002eff85c8000 DEOPT PACKING pc=0x000002efea79f4f4 sp=0x000000f107afaa80
Event: 1.073 Thread 0x000002eff85c8000 DEOPT UNPACKING pc=0x000002efe2c678af sp=0x000000f107afaa10 mode 2
Event: 1.097 Thread 0x000002eff85c8000 DEOPT PACKING pc=0x000002efe343fa5d sp=0x000000f107afadb0
Event: 1.097 Thread 0x000002eff85c8000 DEOPT UNPACKING pc=0x000002efe2c676ce sp=0x000000f107afa268 mode 0
Event: 16.901 Thread 0x000002eff85c8000 DEOPT PACKING pc=0x000002efe351e8fb sp=0x000000f107afb030
Event: 16.901 Thread 0x000002eff85c8000 DEOPT UNPACKING pc=0x000002efe2c676ce sp=0x000000f107afa488 mode 0
Event: 17.019 Thread 0x000002eff939b800 Uncommon trap: trap_request=0xffffff4d fr.pc=0x000002efea7a0fa8 relative=0x0000000000000c48
Event: 17.019 Thread 0x000002eff939b800 Uncommon trap: reason=unstable_if action=reinterpret pc=0x000002efea7a0fa8 method=org.h2.value.Value.convertTo(ILorg/h2/value/ExtTypeInfo;Lorg/h2/engine/CastDataProvider;ZLjava/lang/Object;)Lorg/h2/value/Value; @ 21 c2
Event: 17.019 Thread 0x000002eff939b800 DEOPT PACKING pc=0x000002efea7a0fa8 sp=0x000000f1081fafb0
Event: 17.019 Thread 0x000002eff939b800 DEOPT UNPACKING pc=0x000002efe2c678af sp=0x000000f1081fafa8 mode 2
Event: 17.025 Thread 0x000002eff939b800 Uncommon trap: trap_request=0xffffff4d fr.pc=0x000002efea7a4ffc relative=0x000000000000041c
Event: 17.025 Thread 0x000002eff939b800 Uncommon trap: reason=unstable_if action=reinterpret pc=0x000002efea7a4ffc method=java.io.BufferedOutputStream.write([BII)V @ 35 c2
Event: 17.025 Thread 0x000002eff939b800 DEOPT PACKING pc=0x000002efea7a4ffc sp=0x000000f1081fb580
Event: 17.025 Thread 0x000002eff939b800 DEOPT UNPACKING pc=0x000002efe2c678af sp=0x000000f1081fb4c8 mode 2
Event: 17.152 Thread 0x000002eff939b800 DEOPT PACKING pc=0x000002efe3258ffa sp=0x000000f1081fb550
Event: 17.152 Thread 0x000002eff939b800 DEOPT UNPACKING pc=0x000002efe2c676ce sp=0x000000f1081fa988 mode 0

Classes redefined (0 events):
No events

Internal exceptions (20 events):
Event: 0.466 Thread 0x000002eff84ed000 Exception <a 'java/lang/NoSuchMethodError'{0x00000000c8602280}: 'java.lang.Object java.lang.invoke.DirectMethodHandle$Holder.invokeStatic(java.lang.Object, java.lang.Object, java.lang.Object, java.lang.Object, java.lang.Object, java.lang.Object, java.lang.Object, java.lang.Object, java.lang.Object, java.lang.Object, java.lang.Object, java.lang.Object, java.lang.Object, java.lang.Object, java.lang.Object)'> (0x00000000c8602280) thrown at [./src/hotspot/share/interpreter/linkResolver.cpp, line 773]
Event: 0.468 Thread 0x000002eff84ed000 Exception <a 'java/lang/NoSuchMethodError'{0x00000000c86100f8}: 'java.lang.Object java.lang.invoke.DirectMethodHandle$Holder.invokeStatic(java.lang.Object, java.lang.Object, java.lang.Object, java.lang.Object, java.lang.Object, java.lang.Object, java.lang.Object, java.lang.Object, java.lang.Object, java.lang.Object, java.lang.Object, java.lang.Object, java.lang.Object, java.lang.Object, java.lang.Object, java.lang.Object)'> (0x00000000c86100f8) thrown at [./src/hotspot/share/interpreter/linkResolver.cpp, l
Event: 0.469 Thread 0x000002eff84ed000 Exception <a 'java/lang/NoSuchMethodError'{0x00000000c861e0e8}: 'java.lang.Object java.lang.invoke.DirectMethodHandle$Holder.invokeSpecial(java.lang.Object, java.lang.Object, int, int, java.lang.Object, int, java.lang.Object, java.lang.Object)'> (0x00000000c861e0e8) thrown at [./src/hotspot/share/interpreter/linkResolver.cpp, line 773]
Event: 0.470 Thread 0x000002eff84ed000 Exception <a 'java/lang/NoSuchMethodError'{0x00000000c8621728}: 'java.lang.Object java.lang.invoke.DelegatingMethodHandle$Holder.reinvoke_L(java.lang.Object, int, int, java.lang.Object, int, java.lang.Object, java.lang.Object)'> (0x00000000c8621728) thrown at [./src/hotspot/share/interpreter/linkResolver.cpp, line 773]
Event: 0.473 Thread 0x000002eff84ed000 Exception <a 'java/lang/NoSuchMethodError'{0x00000000c864d840}: 'java.lang.Object java.lang.invoke.DirectMethodHandle$Holder.invokeStatic(java.lang.Object, java.lang.Object, java.lang.Object, java.lang.Object, java.lang.Object, java.lang.Object, java.lang.Object, java.lang.Object, int)'> (0x00000000c864d840) thrown at [./src/hotspot/share/interpreter/linkResolver.cpp, line 773]
Event: 0.476 Thread 0x000002eff84ed000 Exception <a 'java/lang/NoSuchMethodError'{0x00000000c8667d78}: 'java.lang.Object java.lang.invoke.DirectMethodHandle$Holder.invokeStatic(java.lang.Object, java.lang.Object, java.lang.Object, java.lang.Object, java.lang.Object, java.lang.Object, java.lang.Object, java.lang.Object, int, int)'> (0x00000000c8667d78) thrown at [./src/hotspot/share/interpreter/linkResolver.cpp, line 773]
Event: 0.478 Thread 0x000002eff84ed000 Exception <a 'java/lang/NoSuchMethodError'{0x00000000c86fe5d0}: 'java.lang.Object java.lang.invoke.DirectMethodHandle$Holder.invokeStatic(java.lang.Object, java.lang.Object, java.lang.Object, java.lang.Object, java.lang.Object, java.lang.Object, java.lang.Object, java.lang.Object, int, int, java.lang.Object)'> (0x00000000c86fe5d0) thrown at [./src/hotspot/share/interpreter/linkResolver.cpp, line 773]
Event: 0.480 Thread 0x000002eff84ed000 Exception <a 'java/lang/NoSuchMethodError'{0x00000000c851b3e8}: 'java.lang.Object java.lang.invoke.DirectMethodHandle$Holder.invokeStatic(java.lang.Object, java.lang.Object, java.lang.Object, java.lang.Object, java.lang.Object, java.lang.Object, java.lang.Object, java.lang.Object, int, int, java.lang.Object, java.lang.Object)'> (0x00000000c851b3e8) thrown at [./src/hotspot/share/interpreter/linkResolver.cpp, line 773]
Event: 0.488 Thread 0x000002eff84ed000 Exception <a 'java/lang/NoSuchMethodError'{0x00000000c85527e8}: <clinit>> (0x00000000c85527e8) thrown at [./src/hotspot/share/prims/jni.cpp, line 1362]
Event: 0.489 Thread 0x000002eff89a2000 Exception <a 'java/lang/InterruptedException'{0x00000000c857b648}> (0x00000000c857b648) thrown at [./src/hotspot/share/runtime/objectMonitor.cpp, line 1635]
Event: 0.491 Thread 0x000002eff89a2000 Exception <a 'java/lang/NoSuchMethodError'{0x00000000c8583480}: 'java.lang.Object java.lang.invoke.DirectMethodHandle$Holder.invokeStatic(java.lang.Object, java.lang.Object, int, java.lang.Object, long)'> (0x00000000c8583480) thrown at [./src/hotspot/share/interpreter/linkResolver.cpp, line 773]
Event: 0.710 Thread 0x000002eff85c8000 Exception <a 'java/lang/reflect/InvocationTargetException'{0x00000000c7895c18}> (0x00000000c7895c18) thrown at [./src/hotspot/share/runtime/reflection.cpp, line 1247]
Event: 0.712 Thread 0x000002eff85c8000 Exception <a 'java/lang/NoSuchMethodError'{0x00000000c78b3a70}: <clinit>> (0x00000000c78b3a70) thrown at [./src/hotspot/share/prims/jni.cpp, line 1362]
Event: 0.849 Thread 0x000002eff85c8000 Exception <a 'java/lang/NoSuchMethodError'{0x00000000c8bfe488}: <clinit>> (0x00000000c8bfe488) thrown at [./src/hotspot/share/prims/jni.cpp, line 1362]
Event: 0.850 Thread 0x000002eff85c8000 Exception <a 'java/lang/NoSuchMethodError'{0x00000000c8a0b298}: <clinit>> (0x00000000c8a0b298) thrown at [./src/hotspot/share/prims/jni.cpp, line 1362]
Event: 0.888 Thread 0x000002eff85c8000 Exception <a 'java/lang/NoSuchMethodError'{0x00000000c892e040}: <clinit>> (0x00000000c892e040) thrown at [./src/hotspot/share/prims/jni.cpp, line 1362]
Event: 0.890 Thread 0x000002eff85c8000 Exception <a 'java/lang/NoSuchMethodError'{0x00000000c8939160}: <clinit>> (0x00000000c8939160) thrown at [./src/hotspot/share/prims/jni.cpp, line 1362]
Event: 0.891 Thread 0x000002eff85c8000 Exception <a 'java/lang/NoSuchMethodError'{0x00000000c89440c8}: <clinit>> (0x00000000c89440c8) thrown at [./src/hotspot/share/prims/jni.cpp, line 1362]
Event: 0.899 Thread 0x000002eff85c8000 Exception <a 'java/lang/NoSuchMethodError'{0x00000000c896eaa8}: <clinit>> (0x00000000c896eaa8) thrown at [./src/hotspot/share/prims/jni.cpp, line 1362]
Event: 16.790 Thread 0x000002eff85c8000 Exception <a 'java/lang/reflect/InvocationTargetException'{0x00000000c8045c20}> (0x00000000c8045c20) thrown at [./src/hotspot/share/runtime/reflection.cpp, line 1247]

Events (20 events):
Event: 17.158 loading class short
Event: 17.158 loading class short done
Event: 17.158 loading class short
Event: 17.158 loading class short done
Event: 17.167 loading class long
Event: 17.167 loading class long done
Event: 17.167 loading class long
Event: 17.167 loading class long done
Event: 17.178 loading class long
Event: 17.178 loading class long done
Event: 17.178 loading class long
Event: 17.178 loading class long done
Event: 17.178 loading class boolean
Event: 17.178 loading class boolean done
Event: 17.178 loading class boolean
Event: 17.178 loading class boolean done
Event: 17.187 loading class long
Event: 17.187 loading class long done
Event: 17.187 loading class long
Event: 17.187 loading class long done


Dynamic libraries:
0x00007ff6a4df0000 - 0x00007ff6a4dfa000 	C:\Program Files\JetBrains\IntelliJ IDEA 2020.3.3\jbr\bin\java.exe
0x00007ffbbd270000 - 0x00007ffbbd465000 	C:\Windows\SYSTEM32\ntdll.dll
0x00007ffbbc170000 - 0x00007ffbbc22d000 	C:\Windows\System32\KERNEL32.DLL
0x00007ffbbac50000 - 0x00007ffbbaf19000 	C:\Windows\System32\KERNELBASE.dll
0x00007ffbbb140000 - 0x00007ffbbb240000 	C:\Windows\System32\ucrtbase.dll
0x00007ffbb4fa0000 - 0x00007ffbb4fb9000 	C:\Program Files\JetBrains\IntelliJ IDEA 2020.3.3\jbr\bin\jli.dll
0x00007ffbbc230000 - 0x00007ffbbc3d0000 	C:\Windows\System32\USER32.dll
0x00007ffbb0db0000 - 0x00007ffbb0dc7000 	C:\Program Files\JetBrains\IntelliJ IDEA 2020.3.3\jbr\bin\VCRUNTIME140.dll
0x00007ffbbaf50000 - 0x00007ffbbaf72000 	C:\Windows\System32\win32u.dll
0x00007ffba2910000 - 0x00007ffba2baa000 	C:\Windows\WinSxS\amd64_microsoft.windows.common-controls_6595b64144ccf1df_6.0.19041.1110_none_60b5254171f9507e\COMCTL32.dll
0x00007ffbbb430000 - 0x00007ffbbb45a000 	C:\Windows\System32\GDI32.dll
0x00007ffbbd120000 - 0x00007ffbbd1be000 	C:\Windows\System32\msvcrt.dll
0x00007ffbbab40000 - 0x00007ffbbac4b000 	C:\Windows\System32\gdi32full.dll
0x00007ffbbb240000 - 0x00007ffbbb2dd000 	C:\Windows\System32\msvcp_win.dll
0x00007ffbbc910000 - 0x00007ffbbc940000 	C:\Windows\System32\IMM32.DLL
0x00007ffb9c3a0000 - 0x00007ffb9c43d000 	C:\Program Files\JetBrains\IntelliJ IDEA 2020.3.3\jbr\bin\msvcp140.dll
0x00007ffb698e0000 - 0x00007ffb6a3b0000 	C:\Program Files\JetBrains\IntelliJ IDEA 2020.3.3\jbr\bin\server\jvm.dll
0x00007ffbbc0c0000 - 0x00007ffbbc16c000 	C:\Windows\System32\ADVAPI32.dll
0x00007ffbbcd70000 - 0x00007ffbbce0b000 	C:\Windows\System32\sechost.dll
0x00007ffbbb2e0000 - 0x00007ffbbb40a000 	C:\Windows\System32\RPCRT4.dll
0x00007ffbbd220000 - 0x00007ffbbd228000 	C:\Windows\System32\PSAPI.DLL
0x00007ffbb64f0000 - 0x00007ffbb64f9000 	C:\Windows\SYSTEM32\WSOCK32.dll
0x00007ffbb4800000 - 0x00007ffbb480a000 	C:\Windows\SYSTEM32\VERSION.dll
0x00007ffb98ec0000 - 0x00007ffb98ee7000 	C:\Windows\SYSTEM32\WINMM.dll
0x00007ffbbce20000 - 0x00007ffbbce8b000 	C:\Windows\System32\WS2_32.dll
0x00007ffbb88a0000 - 0x00007ffbb88b2000 	C:\Windows\SYSTEM32\kernel.appcore.dll
0x00007ffbb5740000 - 0x00007ffbb5751000 	C:\Program Files\JetBrains\IntelliJ IDEA 2020.3.3\jbr\bin\verify.dll
0x00007ffbb2d30000 - 0x00007ffbb2f14000 	C:\Windows\SYSTEM32\DBGHELP.DLL
0x00007ffb97a50000 - 0x00007ffb97a7c000 	C:\Windows\SYSTEM32\dbgcore.DLL
0x00007ffbba9b0000 - 0x00007ffbbaa33000 	C:\Windows\System32\bcryptPrimitives.dll
0x00007ffbb5420000 - 0x00007ffbb5449000 	C:\Program Files\JetBrains\IntelliJ IDEA 2020.3.3\jbr\bin\java.dll
0x00007ffbb64e0000 - 0x00007ffbb64eb000 	C:\Program Files\JetBrains\IntelliJ IDEA 2020.3.3\jbr\bin\jimage.dll
0x00007ffbb4f80000 - 0x00007ffbb4f98000 	C:\Program Files\JetBrains\IntelliJ IDEA 2020.3.3\jbr\bin\zip.dll
0x00007ffbbb980000 - 0x00007ffbbc0bf000 	C:\Windows\System32\SHELL32.dll
0x00007ffbb8aa0000 - 0x00007ffbb9231000 	C:\Windows\SYSTEM32\windows.storage.dll
0x00007ffbbc3d0000 - 0x00007ffbbc725000 	C:\Windows\System32\combase.dll
0x00007ffbba270000 - 0x00007ffbba29c000 	C:\Windows\SYSTEM32\Wldp.dll
0x00007ffbbb460000 - 0x00007ffbbb50e000 	C:\Windows\System32\SHCORE.dll
0x00007ffbbc7e0000 - 0x00007ffbbc835000 	C:\Windows\System32\shlwapi.dll
0x00007ffbba8f0000 - 0x00007ffbba90f000 	C:\Windows\SYSTEM32\profapi.dll
0x00007ffbb4f60000 - 0x00007ffbb4f7a000 	C:\Program Files\JetBrains\IntelliJ IDEA 2020.3.3\jbr\bin\net.dll
0x00007ffba8ef0000 - 0x00007ffba8ffa000 	C:\Windows\SYSTEM32\WINHTTP.dll
0x00007ffbba050000 - 0x00007ffbba0ba000 	C:\Windows\system32\mswsock.dll
0x00007ffbb4f40000 - 0x00007ffbb4f54000 	C:\Program Files\JetBrains\IntelliJ IDEA 2020.3.3\jbr\bin\nio.dll
0x00007ffbba460000 - 0x00007ffbba478000 	C:\Windows\SYSTEM32\CRYPTSP.dll
0x00007ffbb9a10000 - 0x00007ffbb9a44000 	C:\Windows\system32\rsaenh.dll
0x00007ffbbaf20000 - 0x00007ffbbaf47000 	C:\Windows\System32\bcrypt.dll
0x00007ffbba8b0000 - 0x00007ffbba8de000 	C:\Windows\SYSTEM32\USERENV.dll
0x00007ffbba1d0000 - 0x00007ffbba1dc000 	C:\Windows\SYSTEM32\CRYPTBASE.dll
0x00007ffbb9d60000 - 0x00007ffbb9d9b000 	C:\Windows\SYSTEM32\IPHLPAPI.DLL
0x00007ffbbce10000 - 0x00007ffbbce18000 	C:\Windows\System32\NSI.dll
0x00007ffbb29a0000 - 0x00007ffbb29b7000 	C:\Windows\SYSTEM32\dhcpcsvc6.DLL
0x00007ffbb2ca0000 - 0x00007ffbb2cbd000 	C:\Windows\SYSTEM32\dhcpcsvc.DLL
0x00007ffbb9da0000 - 0x00007ffbb9e6c000 	C:\Windows\SYSTEM32\DNSAPI.dll
0x00007ffbb4ec0000 - 0x00007ffbb4ec8000 	C:\Program Files\JetBrains\IntelliJ IDEA 2020.3.3\jbr\bin\rmi.dll

dbghelp: loaded successfully - version: 4.0.5 - missing functions: none
symbol engine: initialized successfully - sym options: 0x614 - pdb path: .;C:\Program Files\JetBrains\IntelliJ IDEA 2020.3.3\jbr\bin;C:\Windows\SYSTEM32;C:\Windows\WinSxS\amd64_microsoft.windows.common-controls_6595b64144ccf1df_6.0.19041.1110_none_60b5254171f9507e;C:\Program Files\JetBrains\IntelliJ IDEA 2020.3.3\jbr\bin\server

VM Arguments:
jvm_args: -Djava.rmi.server.hostname=127.0.0.1 -Duser.timezone=UTC -Xmx1008m -Xms128m -Dfile.encoding=UTF-8 
java_command: com.intellij.database.remote.RemoteJdbcServer org.h2.Driver
java_class_path (initial): C:\Program Files\JetBrains\IntelliJ IDEA 2020.3.3\lib\util.jar;C:\Program Files\JetBrains\IntelliJ IDEA 2020.3.3\lib\trove4j.jar;C:\Program Files\JetBrains\IntelliJ IDEA 2020.3.3\lib\groovy-2.5.11.jar;C:\Program Files\JetBrains\IntelliJ IDEA 2020.3.3\plugins\DatabaseTools\lib\jdbc-console.jar;C:\Users\Евгений\AppData\Roaming\JetBrains\IntelliJIdea2020.3\jdbc-drivers\H2\1.4.200\h2-1.4.200.jar
Launcher Type: SUN_STANDARD

[Global flags]
     intx CICompilerCount                          = 4                                         {product} {ergonomic}
     uint ConcGCThreads                            = 2                                         {product} {ergonomic}
     uint G1ConcRefinementThreads                  = 8                                         {product} {ergonomic}
   size_t G1HeapRegionSize                         = 1048576                                   {product} {ergonomic}
    uintx GCDrainStackTargetSize                   = 64                                        {product} {ergonomic}
   size_t InitialHeapSize                          = 134217728                                 {product} {command line}
   size_t MarkStackSize                            = 4194304                                   {product} {ergonomic}
   size_t MaxHeapSize                              = 1056964608                                {product} {command line}
   size_t MaxNewSize                               = 633339904                                 {product} {ergonomic}
   size_t MinHeapDeltaBytes                        = 1048576                                   {product} {ergonomic}
    uintx NonNMethodCodeHeapSize                   = 5836300                                {pd product} {ergonomic}
    uintx NonProfiledCodeHeapSize                  = 122910970                              {pd product} {ergonomic}
    uintx ProfiledCodeHeapSize                     = 122910970                              {pd product} {ergonomic}
    uintx ReservedCodeCacheSize                    = 251658240                              {pd product} {ergonomic}
     bool SegmentedCodeCache                       = true                                      {product} {ergonomic}
     bool UseCompressedClassPointers               = true                                 {lp64_product} {ergonomic}
     bool UseCompressedOops                        = true                                 {lp64_product} {ergonomic}
     bool UseG1GC                                  = true                                      {product} {ergonomic}
     bool UseLargePagesIndividualAllocation        = false                                  {pd product} {ergonomic}

Logging:
Log output configuration:
 #0: stdout all=warning uptime,level,tags
 #1: stderr all=off uptime,level,tags

Environment Variables:
JAVA_HOME=C:\Users\Евгений\.jdks\adopt-openjdk-15.0.2
PATH=C:\Users\Евгений\.jdks\adopt-openjdk-15.0.2\bin;C:\ProgramData\Microsoft\Windows\Start Menu\Programs\Git;C:\Program Files\Git\bin\git.exe;C:\Program Files\Git\cmd;;C:\Users\Евгений\AppData\Local\Programs\Microsoft VS Code\bin
USERNAME=Евгений
OS=Windows_NT
PROCESSOR_IDENTIFIER=Intel64 Family 6 Model 142 Stepping 11, GenuineIntel



---------------  S Y S T E M  ---------------

OS: Windows 10 , 64 bit Build 19041 (10.0.19041.1023)
OS uptime: 9 days 22:39 hours
Hyper-V role detected

CPU:total 8 (initial active 8) (4 cores per cpu, 2 threads per core) family 6 model 142 stepping 11 microcode 0xde, cmov, cx8, fxsr, mmx, sse, sse2, sse3, ssse3, sse4.1, sse4.2, popcnt, avx, avx2, aes, clmul, erms, 3dnowpref, lzcnt, ht, tsc, tscinvbit, bmi1, bmi2, adx, fma

Memory: 4k page, system-wide physical 8071M (576M free)
TotalPageFile size 13571M (AvailPageFile size 3M)
current process WorkingSet (physical memory assigned to process): 110M, peak: 110M
current process commit charge ("private bytes"): 244M, peak: 244M

vm_info: OpenJDK 64-Bit Server VM (11.0.10+8-b1145.96) for windows-amd64 JRE (11.0.10+8-b1145.96), built on Feb 18 2021 01:38:16 by "" with MS VC++ 14.0 (VS2015)

END.
